<?xml version="1.0" encoding="UTF-8"?>
<testng-results ignored="0" total="2" passed="1" failed="1" skipped="0">
  <reporter-output>
    <line>
      <![CDATA[Test case configuring]]>
    </line>
    <line>
      <![CDATA[Test case started]]>
    </line>
    <line>
      <![CDATA[Test case executed succesfully...]]>
    </line>
    <line>
      <![CDATA[Screenshot captured]]>
    </line>
    <line>
      <![CDATA[Test case run is succesfull>>>..]]>
    </line>
    <line>
      <![CDATA[Test case started]]>
    </line>
    <line>
      <![CDATA[Screenshot captured]]>
    </line>
    <line>
      <![CDATA[Test case run is succesfull>>>..]]>
    </line>
  </reporter-output>
  <suite started-at="2022-07-17T23:43:09 IST" name="Default suite" finished-at="2022-07-17T23:44:04 IST" duration-ms="55048">
    <groups>
    </groups>
    <test started-at="2022-07-17T23:43:09 IST" name="Default test" finished-at="2022-07-17T23:44:04 IST" duration-ms="55048">
      <class name="tescases.Testcase1">
        <test-method is-config="true" signature="getdata()[pri:0, instance:tescases.Testcase1@1e6a3214]" started-at="2022-07-17T23:43:07 IST" name="getdata" finished-at="2022-07-17T23:43:09 IST" duration-ms="2187" status="PASS">
          <reporter-output>
            <line>
              <![CDATA[Test case configuring]]>
            </line>
          </reporter-output>
        </test-method> <!-- getdata -->
        <test-method is-config="true" signature="base()[pri:0, instance:tescases.Testcase1@1e6a3214]" started-at="2022-07-17T23:43:09 IST" name="base" finished-at="2022-07-17T23:43:42 IST" duration-ms="33234" status="PASS">
          <reporter-output>
          </reporter-output>
        </test-method> <!-- base -->
        <test-method signature="login()[pri:0, instance:tescases.Testcase1@1e6a3214]" started-at="2022-07-17T23:43:42 IST" name="login" finished-at="2022-07-17T23:43:46 IST" duration-ms="3395" status="PASS">
          <reporter-output>
            <line>
              <![CDATA[Test case started]]>
            </line>
            <line>
              <![CDATA[Test case executed succesfully...]]>
            </line>
          </reporter-output>
        </test-method> <!-- login -->
        <test-method is-config="true" signature="capturesnap(org.testng.ITestResult)[pri:0, instance:tescases.Testcase1@1e6a3214]" started-at="2022-07-17T23:43:46 IST" name="capturesnap" finished-at="2022-07-17T23:43:47 IST" duration-ms="1226" status="PASS">
          <params>
            <param index="0">
              <value>
                <![CDATA[[TestResult name=login status=SUCCESS method=Testcase1.login()[pri:0, instance:tescases.Testcase1@1e6a3214] output=Test case started]]]>
              </value>
            </param>
          </params>
          <reporter-output>
            <line>
              <![CDATA[Screenshot captured]]>
            </line>
            <line>
              <![CDATA[Test case run is succesfull>>>..]]>
            </line>
          </reporter-output>
        </test-method> <!-- capturesnap -->
        <test-method signature="login1()[pri:0, instance:tescases.Testcase1@1e6a3214]" started-at="2022-07-17T23:43:47 IST" name="login1" finished-at="2022-07-17T23:43:47 IST" duration-ms="14" status="FAIL">
          <exception class="java.lang.AssertionError">
            <message>
              <![CDATA[null]]>
            </message>
            <full-stacktrace>
              <![CDATA[java.lang.AssertionError: null
at org.testng.Assert.fail(Assert.java:110)
at org.testng.Assert.fail(Assert.java:115)
at tescases.Testcase1.login1(Testcase1.java:41)
at java.base/jdk.internal.reflect.NativeMethodAccessorImpl.invoke0(Native Method)
at java.base/jdk.internal.reflect.NativeMethodAccessorImpl.invoke(NativeMethodAccessorImpl.java:77)
at java.base/jdk.internal.reflect.DelegatingMethodAccessorImpl.invoke(DelegatingMethodAccessorImpl.java:43)
at java.base/java.lang.reflect.Method.invoke(Method.java:568)
at org.testng.internal.invokers.MethodInvocationHelper.invokeMethod(MethodInvocationHelper.java:139)
at org.testng.internal.invokers.TestInvoker.invokeMethod(TestInvoker.java:677)
at org.testng.internal.invokers.TestInvoker.invokeTestMethod(TestInvoker.java:221)
at org.testng.internal.invokers.MethodRunner.runInSequence(MethodRunner.java:50)
at org.testng.internal.invokers.TestInvoker$MethodInvocationAgent.invoke(TestInvoker.java:962)
at org.testng.internal.invokers.TestInvoker.invokeTestMethods(TestInvoker.java:194)
at org.testng.internal.invokers.TestMethodWorker.invokeTestMethods(TestMethodWorker.java:148)
at org.testng.internal.invokers.TestMethodWorker.run(TestMethodWorker.java:128)
at java.base/java.util.ArrayList.forEach(ArrayList.java:1511)
at org.testng.TestRunner.privateRun(TestRunner.java:806)
at org.testng.TestRunner.run(TestRunner.java:601)
at org.testng.SuiteRunner.runTest(SuiteRunner.java:433)
at org.testng.SuiteRunner.runSequentially(SuiteRunner.java:427)
at org.testng.SuiteRunner.privateRun(SuiteRunner.java:387)
at org.testng.SuiteRunner.run(SuiteRunner.java:330)
at org.testng.SuiteRunnerWorker.runSuite(SuiteRunnerWorker.java:52)
at org.testng.SuiteRunnerWorker.run(SuiteRunnerWorker.java:95)
at org.testng.TestNG.runSuitesSequentially(TestNG.java:1256)
at org.testng.TestNG.runSuitesLocally(TestNG.java:1176)
at org.testng.TestNG.runSuites(TestNG.java:1099)
at org.testng.TestNG.run(TestNG.java:1067)
at org.testng.remote.AbstractRemoteTestNG.run(AbstractRemoteTestNG.java:115)
at org.testng.remote.RemoteTestNG.initAndRun(RemoteTestNG.java:251)
at org.testng.remote.RemoteTestNG.main(RemoteTestNG.java:77)
]]>
            </full-stacktrace>
          </exception> <!-- java.lang.AssertionError -->
          <reporter-output>
            <line>
              <![CDATA[Test case started]]>
            </line>
          </reporter-output>
        </test-method> <!-- login1 -->
        <test-method is-config="true" signature="capturesnap(org.testng.ITestResult)[pri:0, instance:tescases.Testcase1@1e6a3214]" started-at="2022-07-17T23:43:47 IST" name="capturesnap" finished-at="2022-07-17T23:43:54 IST" duration-ms="6805" status="PASS">
          <params>
            <param index="0">
              <value>
                <![CDATA[[TestResult name=login1 status=FAILURE method=Testcase1.login1()[pri:0, instance:tescases.Testcase1@1e6a3214] output=Test case started]]]>
              </value>
            </param>
          </params>
          <reporter-output>
            <line>
              <![CDATA[Screenshot captured]]>
            </line>
            <line>
              <![CDATA[Test case run is succesfull>>>..]]>
            </line>
          </reporter-output>
        </test-method> <!-- capturesnap -->
        <test-method is-config="true" signature="closebrowser()[pri:0, instance:tescases.Testcase1@1e6a3214]" started-at="2022-07-17T23:43:54 IST" name="closebrowser" finished-at="2022-07-17T23:44:04 IST" duration-ms="10270" status="PASS">
          <reporter-output>
          </reporter-output>
        </test-method> <!-- closebrowser -->
      </class> <!-- tescases.Testcase1 -->
    </test> <!-- Default test -->
  </suite> <!-- Default suite -->
</testng-results>
